Wed Sep 30 07:53:40 BRT 2015 : Apache Derby Servidor de Rede - 10.10.2.0 - (1582446) iniciado e pronto para aceitar conexões na porta 1527 em {3}
----------------------------------------------------------------
Wed Sep 30 07:53:40 BRT 2015:
 Inicializando o Derby versão The Apache Software Foundation - Apache Derby - 10.10.2.0 - (1582446): instância a816c00e-0150-1de2-e570-00003c4ac46c
no diretório de banco de dados C:\Temp\ProjetoLP2\db\db_projeto 

java.vendor=Oracle Corporation
java.runtime.version=1.8.0_40-b26
user.dir=C:\Program Files\GlassFish_Server\javadb
os.name=Windows 7
os.arch=amd64
os.version=6.1
derby.system.home=C:\Temp\ProjetoLP2\db
Carregador de classe do banco de dados iniciado - derby.database.classpath=''
----------------------------------------------------------------
Wed Sep 30 07:53:52 BRT 2015:
Encerrando a instância a816c00e-0150-1de2-e570-00003c4ac46c
Wed Sep 30 07:53:52 BRT 2015 Thread[DRDAConnThread_3,5,main] (DATABASE = db_projeto), (DRDAID = {2}), Banco de dados 'db_projeto' fechado.
----------------------------------------------------------------
Wed Sep 30 07:53:58 BRT 2015:
 Inicializando o Derby versão The Apache Software Foundation - Apache Derby - 10.10.2.0 - (1582446): instância 560740aa-0150-1de2-e570-00003c4ac46c
no diretório de banco de dados C:\Temp\ProjetoLP2\db\db_projeto 

java.vendor=Oracle Corporation
java.runtime.version=1.8.0_40-b26
user.dir=C:\Program Files\GlassFish_Server\javadb
os.name=Windows 7
os.arch=amd64
os.version=6.1
derby.system.home=C:\Temp\ProjetoLP2\db
Carregador de classe do banco de dados iniciado - derby.database.classpath=''
